[debug] [2018-07-12T08:47:30.752Z] ----------------------------------------------------------------------
[debug] [2018-07-12T08:47:30.753Z] Command:       C:\Program Files\nodejs\node.exe C:\Users\giant\AppData\Roaming\npm\node_modules\firebase-tools\bin\firebase deploy -P testing
[debug] [2018-07-12T08:47:30.753Z] CLI Version:   3.19.1
[debug] [2018-07-12T08:47:30.753Z] Platform:      win32
[debug] [2018-07-12T08:47:30.753Z] Node Version:  v8.11.1
[debug] [2018-07-12T08:47:30.754Z] Time:          Thu Jul 12 2018 09:47:30 GMT+0100 (GMT Summer Time)
[debug] [2018-07-12T08:47:30.754Z] ----------------------------------------------------------------------
[debug] 
[debug] [2018-07-12T08:47:30.764Z] > command requires scopes: ["email","openid","https://www.googleapis.com/auth/cloudplatformprojects.readonly","https://www.googleapis.com/auth/firebase","https://www.googleapis.com/auth/cloud-platform"]
[debug] [2018-07-12T08:47:30.764Z] > authorizing via signed-in user
[debug] [2018-07-12T08:47:30.765Z] > refreshing access token with scopes: ["email","https://www.googleapis.com/auth/cloud-platform","https://www.googleapis.com/auth/cloudplatformprojects.readonly","https://www.googleapis.com/auth/firebase","openid"]
[debug] [2018-07-12T08:47:30.765Z] >>> HTTP REQUEST POST https://www.googleapis.com/oauth2/v3/token  
 { refresh_token: '1/HjYspp4QqkvMdJRuFaQVsHNMpSJD6JP-_k7wdpy1XTM',
  client_id: '563584335869-fgrhgmd47bqnekij5i8b5pr03ho849e6.apps.googleusercontent.com',
  client_secret: 'j9iVZfS8kkCEFUPaAeJV0sAi',
  grant_type: 'refresh_token',
  scope: 'email https://www.googleapis.com/auth/cloud-platform https://www.googleapis.com/auth/cloudplatformprojects.readonly https://www.googleapis.com/auth/firebase openid' } 
 Thu Jul 12 2018 09:47:30 GMT+0100 (GMT Summer Time)
[debug] [2018-07-12T08:47:30.940Z] <<< HTTP RESPONSE 200
[debug] [2018-07-12T08:47:30.952Z] >>> HTTP REQUEST GET https://admin.firebase.com/v1/projects/testing-cost-predictor  
  
 Thu Jul 12 2018 09:47:30 GMT+0100 (GMT Summer Time)
[debug] [2018-07-12T08:47:31.581Z] <<< HTTP RESPONSE 200
[debug] [2018-07-12T08:47:31.582Z] >>> HTTP REQUEST GET https://admin.firebase.com/v1/database/testing-cost-predictor/tokens  
  
 Thu Jul 12 2018 09:47:31 GMT+0100 (GMT Summer Time)
[debug] [2018-07-12T08:47:32.166Z] <<< HTTP RESPONSE 200
[info] 
[info] === Deploying to 'testing-cost-predictor'...
[info] 
[info] i  deploying storage, functions, hosting
[debug] [2018-07-12T08:47:33.777Z] >>> HTTP REQUEST GET https://appengine.googleapis.com/v1/apps/testing-cost-predictor  
  
 Thu Jul 12 2018 09:47:33 GMT+0100 (GMT Summer Time)
[debug] [2018-07-12T08:47:34.808Z] <<< HTTP RESPONSE 200
[info] i  storage: checking storage.rules for compilation errors...
[debug] [2018-07-12T08:47:34.813Z] >>> HTTP REQUEST POST https://firebaserules.googleapis.com/v1/projects/testing-cost-predictor:test  
 { source: { files: [ [Object] ] } } 
 Thu Jul 12 2018 09:47:34 GMT+0100 (GMT Summer Time)
